Sat Jan 30 22:09:33 UTC 2016
wait: 86 min
------------------------------------------------------------
Sun Jan 31 00:52:33 UTC 2016
wait: 163 min
------------------------------------------------------------
Sun Jan 31 01:03:33 UTC 2016
wait: 11 min
------------------------------------------------------------
Sun Jan 31 05:28:33 UTC 2016
wait: 265 min
------------------------------------------------------------
Sun Jan 31 06:53:33 UTC 2016
wait: 85 min
------------------------------------------------------------
Sun Jan 31 11:27:33 UTC 2016
wait: 274 min
------------------------------------------------------------
Sun Jan 31 14:38:33 UTC 2016
wait: 191 min
------------------------------------------------------------
Sun Jan 31 16:04:33 UTC 2016
wait: 86 min
------------------------------------------------------------
Sun Jan 31 16:12:33 UTC 2016
wait: 8 min
------------------------------------------------------------
Sun Jan 31 17:23:26 UTC 2016
wait: 289 min
------------------------------------------------------------
Sun Jan 31 17:33:49 UTC 2016
----------------------------------
Tweet length: 12 characters
. #Trump2016
wait: 54 min
------------------------------------------------------------
Sun Jan 31 18:27:51 UTC 2016
----------------------------------
Tweet length: 90 characters
I provide that does not controlled by lobbyists, donors, and special interests. #Trump2016
wait: 67 min
------------------------------------------------------------
Sun Jan 31 19:34:54 UTC 2016
----------------------------------
Tweet length: 127 characters
The debate last night proved that he would not use the term "anchor babies," offensive. Now he came out. #MakeAmericaGreatAgain
wait: 223 min
------------------------------------------------------------
